<beans xmlns="http://www.springframework.org/schema/beans"
       xmlns:xsi="http://www.w3.org/2001/XMLSchema-instance"
       xmlns:context="http://www.springframework.org/schema/context"
       xsi:schemaLocation="
           http://www.springframework.org/schema/beans
           http://www.springframework.org/schema/beans/spring-beans.xsd
           http://www.springframework.org/schema/context
           http://www.springframework.org/schema/context/spring-context.xsd">
           
    <!-- Overrides the address of our JAX-RS services in order to start a random-port based
         HTTP instance of them within the unit tests -->
 
    <bean id="testProps"
          class="org.springframework.beans.factory.config.PropertiesFactoryBean">
        <property name="properties">
            <props>
                <prop key="okayUserService.address">
                    http://0.0.0.0:0/okay
                </prop>
                <prop key="slightlyBrokenUserService.address">
                    http://0.0.0.0:0/slightlybroken
                </prop>
                <prop key="totallyBrokenUserService.address">
                    http://0.0.0.0:0/totallybroken
                </prop>
            </props>
        </property>
    </bean>
 
    <import resource="classpath:beans.xml"/>
 
    <context:property-override properties-ref="testProps"/>
 
</beans>